c:\users\lijie\desktop\机器学习知识分享\hyperlpr-e2e-cv340-vs2013-console\lpre2e\lpre2e\x64\release\vc140.pdb
c:\users\lijie\desktop\机器学习知识分享\hyperlpr-e2e-cv340-vs2013-console\lpre2e\lpre2e\x64\release\segmentationfreerecognizer.obj
c:\users\lijie\desktop\机器学习知识分享\hyperlpr-e2e-cv340-vs2013-console\lpre2e\lpre2e\x64\release\recognizer.obj
c:\users\lijie\desktop\机器学习知识分享\hyperlpr-e2e-cv340-vs2013-console\lpre2e\lpre2e\x64\release\platesegmentation.obj
c:\users\lijie\desktop\机器学习知识分享\hyperlpr-e2e-cv340-vs2013-console\lpre2e\lpre2e\x64\release\platedetection.obj
c:\users\lijie\desktop\机器学习知识分享\hyperlpr-e2e-cv340-vs2013-console\lpre2e\lpre2e\x64\release\pipeline.obj
c:\users\lijie\desktop\机器学习知识分享\hyperlpr-e2e-cv340-vs2013-console\lpre2e\lpre2e\x64\release\finemapping.obj
c:\users\lijie\desktop\机器学习知识分享\hyperlpr-e2e-cv340-vs2013-console\lpre2e\lpre2e\x64\release\fastdeskew.obj
c:\users\lijie\desktop\机器学习知识分享\hyperlpr-e2e-cv340-vs2013-console\lpre2e\lpre2e\x64\release\cnnrecognizer.obj
c:\users\lijie\desktop\机器学习知识分享\hyperlpr-e2e-cv340-vs2013-console\lpre2e\lpre2e\x64\release\e2e.obj
c:\users\lijie\desktop\机器学习知识分享\hyperlpr-e2e-cv340-vs2013-console\lpre2e\lpre2e.exe
c:\users\lijie\desktop\机器学习知识分享\hyperlpr-e2e-cv340-vs2013-console\lpre2e\lpre2e.ipdb
c:\users\lijie\desktop\机器学习知识分享\hyperlpr-e2e-cv340-vs2013-console\lpre2e\lpre2e.iobj
c:\users\lijie\desktop\机器学习知识分享\hyperlpr-e2e-cv340-vs2013-console\lpre2e\lpre2e.pdb
c:\users\lijie\desktop\机器学习知识分享\hyperlpr-e2e-cv340-vs2013-console\lpre2e\lpre2e\x64\release\lpre2e.tlog\cl.command.1.tlog
c:\users\lijie\desktop\机器学习知识分享\hyperlpr-e2e-cv340-vs2013-console\lpre2e\lpre2e\x64\release\lpre2e.tlog\cl.read.1.tlog
c:\users\lijie\desktop\机器学习知识分享\hyperlpr-e2e-cv340-vs2013-console\lpre2e\lpre2e\x64\release\lpre2e.tlog\cl.write.1.tlog
c:\users\lijie\desktop\机器学习知识分享\hyperlpr-e2e-cv340-vs2013-console\lpre2e\lpre2e\x64\release\lpre2e.tlog\link.command.1.tlog
c:\users\lijie\desktop\机器学习知识分享\hyperlpr-e2e-cv340-vs2013-console\lpre2e\lpre2e\x64\release\lpre2e.tlog\link.read.1.tlog
c:\users\lijie\desktop\机器学习知识分享\hyperlpr-e2e-cv340-vs2013-console\lpre2e\lpre2e\x64\release\lpre2e.tlog\link.write.1.tlog
