  e2e.cpp
c:\users\lijie\desktop\hyperlpr-e2e-cv340-vs2013-console\lpre2e\lpre2e\e2e.cpp(1): fatal error C1083: 无法打开包括文件: “Pipeline.h”: No such file or directory
  SegmentationFreeRecognizer.cpp
c:\users\lijie\desktop\hyperlpr-e2e-cv340-vs2013-console\lpre2e\src\segmentationfreerecognizer.cpp : warning C4819: 该文件包含不能在当前代码页(936)中表示的字符。请将该文件保存为 Unicode 格式以防止数据丢失
c:\users\lijie\desktop\hyperlpr-e2e-cv340-vs2013-console\lpre2e\include\segmentationfreerecognizer.h : warning C4819: 该文件包含不能在当前代码页(936)中表示的字符。请将该文件保存为 Unicode 格式以防止数据丢失
c:\users\lijie\desktop\hyperlpr-e2e-cv340-vs2013-console\lpre2e\include\recognizer.h : warning C4819: 该文件包含不能在当前代码页(936)中表示的字符。请将该文件保存为 Unicode 格式以防止数据丢失
c:\users\lijie\desktop\hyperlpr-e2e-cv340-vs2013-console\lpre2e\include\plateinfo.h : warning C4819: 该文件包含不能在当前代码页(936)中表示的字符。请将该文件保存为 Unicode 格式以防止数据丢失
d:\my-softwear\opencv3.1.0\opencv\build\include\opencv2\core\mat.hpp(1965): warning C4819: 该文件包含不能在当前代码页(936)中表示的字符。请将该文件保存为 Unicode 格式以防止数据丢失
d:\my-softwear\opencv3.1.0\opencv\build\include\opencv2\core\persistence.hpp : warning C4819: 该文件包含不能在当前代码页(936)中表示的字符。请将该文件保存为 Unicode 格式以防止数据丢失
d:\my-softwear\opencv3.1.0\opencv\build\include\opencv2\core\utility.hpp : warning C4819: 该文件包含不能在当前代码页(936)中表示的字符。请将该文件保存为 Unicode 格式以防止数据丢失
d:\my-softwear\opencv3.1.0\opencv\build\include\opencv2\core\utility.hpp : warning C4819: 该文件包含不能在当前代码页(936)中表示的字符。请将该文件保存为 Unicode 格式以防止数据丢失
c:\users\lijie\desktop\hyperlpr-e2e-cv340-vs2013-console\lpre2e\include\recognizer.h(10): fatal error C1083: 无法打开包括文件: “opencv2/dnn.hpp”: No such file or directory
  Recognizer.cpp
c:\users\lijie\desktop\hyperlpr-e2e-cv340-vs2013-console\lpre2e\src\recognizer.cpp : warning C4819: 该文件包含不能在当前代码页(936)中表示的字符。请将该文件保存为 Unicode 格式以防止数据丢失
c:\users\lijie\desktop\hyperlpr-e2e-cv340-vs2013-console\lpre2e\include\recognizer.h : warning C4819: 该文件包含不能在当前代码页(936)中表示的字符。请将该文件保存为 Unicode 格式以防止数据丢失
c:\users\lijie\desktop\hyperlpr-e2e-cv340-vs2013-console\lpre2e\include\plateinfo.h : warning C4819: 该文件包含不能在当前代码页(936)中表示的字符。请将该文件保存为 Unicode 格式以防止数据丢失
d:\my-softwear\opencv3.1.0\opencv\build\include\opencv2\core\mat.hpp(1965): warning C4819: 该文件包含不能在当前代码页(936)中表示的字符。请将该文件保存为 Unicode 格式以防止数据丢失
d:\my-softwear\opencv3.1.0\opencv\build\include\opencv2\core\persistence.hpp : warning C4819: 该文件包含不能在当前代码页(936)中表示的字符。请将该文件保存为 Unicode 格式以防止数据丢失
d:\my-softwear\opencv3.1.0\opencv\build\include\opencv2\core\utility.hpp : warning C4819: 该文件包含不能在当前代码页(936)中表示的字符。请将该文件保存为 Unicode 格式以防止数据丢失
d:\my-softwear\opencv3.1.0\opencv\build\include\opencv2\core\utility.hpp : warning C4819: 该文件包含不能在当前代码页(936)中表示的字符。请将该文件保存为 Unicode 格式以防止数据丢失
c:\users\lijie\desktop\hyperlpr-e2e-cv340-vs2013-console\lpre2e\include\recognizer.h(10): fatal error C1083: 无法打开包括文件: “opencv2/dnn.hpp”: No such file or directory
  PlateSegmentation.cpp
c:\users\lijie\desktop\hyperlpr-e2e-cv340-vs2013-console\lpre2e\src\platesegmentation.cpp : warning C4819: 该文件包含不能在当前代码页(936)中表示的字符。请将该文件保存为 Unicode 格式以防止数据丢失
c:\users\lijie\desktop\hyperlpr-e2e-cv340-vs2013-console\lpre2e\include\platesegmentation.h : warning C4819: 该文件包含不能在当前代码页(936)中表示的字符。请将该文件保存为 Unicode 格式以防止数据丢失
d:\my-softwear\opencv3.1.0\opencv\build\include\opencv2\core\mat.hpp(1965): warning C4819: 该文件包含不能在当前代码页(936)中表示的字符。请将该文件保存为 Unicode 格式以防止数据丢失
d:\my-softwear\opencv3.1.0\opencv\build\include\opencv2\core\persistence.hpp : warning C4819: 该文件包含不能在当前代码页(936)中表示的字符。请将该文件保存为 Unicode 格式以防止数据丢失
d:\my-softwear\opencv3.1.0\opencv\build\include\opencv2\core\utility.hpp : warning C4819: 该文件包含不能在当前代码页(936)中表示的字符。请将该文件保存为 Unicode 格式以防止数据丢失
d:\my-softwear\opencv3.1.0\opencv\build\include\opencv2\core\utility.hpp : warning C4819: 该文件包含不能在当前代码页(936)中表示的字符。请将该文件保存为 Unicode 格式以防止数据丢失
c:\users\lijie\desktop\hyperlpr-e2e-cv340-vs2013-console\lpre2e\include\plateinfo.h : warning C4819: 该文件包含不能在当前代码页(936)中表示的字符。请将该文件保存为 Unicode 格式以防止数据丢失
c:\users\lijie\desktop\hyperlpr-e2e-cv340-vs2013-console\lpre2e\include\platesegmentation.h(30): error C3083: “dnn”:“::”左侧的符号必须是一种类型
c:\users\lijie\desktop\hyperlpr-e2e-cv340-vs2013-console\lpre2e\include\platesegmentation.h(30): error C2039: “Net”: 不是“cv”的成员
  d:\my-softwear\opencv3.1.0\opencv\build\include\opencv2\ml.hpp(71): note: 参见“cv”的声明
c:\users\lijie\desktop\hyperlpr-e2e-cv340-vs2013-console\lpre2e\include\platesegmentation.h(30): error C3646: “net”: 未知重写说明符
c:\users\lijie\desktop\hyperlpr-e2e-cv340-vs2013-console\lpre2e\include\platesegmentation.h(30): error C4430: 缺少类型说明符 - 假定为 int。注意: C++ 不支持默认 int
c:\users\lijie\desktop\hyperlpr-e2e-cv340-vs2013-console\lpre2e\include\niblackthreshold.h : warning C4819: 该文件包含不能在当前代码页(936)中表示的字符。请将该文件保存为 Unicode 格式以防止数据丢失
c:\users\lijie\desktop\hyperlpr-e2e-cv340-vs2013-console\lpre2e\src\platesegmentation.cpp(13): error C2065: “net”: 未声明的标识符
c:\users\lijie\desktop\hyperlpr-e2e-cv340-vs2013-console\lpre2e\src\platesegmentation.cpp(13): error C3083: “dnn”:“::”左侧的符号必须是一种类型
c:\users\lijie\desktop\hyperlpr-e2e-cv340-vs2013-console\lpre2e\src\platesegmentation.cpp(13): error C2039: “readNetFromCaffe”: 不是“cv”的成员
  d:\my-softwear\opencv3.1.0\opencv\build\include\opencv2\ml.hpp(71): note: 参见“cv”的声明
c:\users\lijie\desktop\hyperlpr-e2e-cv340-vs2013-console\lpre2e\src\platesegmentation.cpp(13): error C3861: “readNetFromCaffe”: 找不到标识符
c:\users\lijie\desktop\hyperlpr-e2e-cv340-vs2013-console\lpre2e\src\platesegmentation.cpp(16): error C3083: “dnn”:“::”左侧的符号必须是一种类型
c:\users\lijie\desktop\hyperlpr-e2e-cv340-vs2013-console\lpre2e\src\platesegmentation.cpp(16): error C2039: “blobFromImage”: 不是“cv”的成员
  d:\my-softwear\opencv3.1.0\opencv\build\include\opencv2\ml.hpp(71): note: 参见“cv”的声明
c:\users\lijie\desktop\hyperlpr-e2e-cv340-vs2013-console\lpre2e\src\platesegmentation.cpp(16): error C3861: “blobFromImage”: 找不到标识符
c:\users\lijie\desktop\hyperlpr-e2e-cv340-vs2013-console\lpre2e\src\platesegmentation.cpp(17): error C2065: “net”: 未声明的标识符
c:\users\lijie\desktop\hyperlpr-e2e-cv340-vs2013-console\lpre2e\src\platesegmentation.cpp(17): error C2228: “.setInput”的左边必须有类/结构/联合
  c:\users\lijie\desktop\hyperlpr-e2e-cv340-vs2013-console\lpre2e\src\platesegmentation.cpp(17): note: 类型是“unknown-type”
c:\users\lijie\desktop\hyperlpr-e2e-cv340-vs2013-console\lpre2e\src\platesegmentation.cpp(18): error C2065: “net”: 未声明的标识符
c:\users\lijie\desktop\hyperlpr-e2e-cv340-vs2013-console\lpre2e\src\platesegmentation.cpp(18): error C2228: “.forward”的左边必须有类/结构/联合
  c:\users\lijie\desktop\hyperlpr-e2e-cv340-vs2013-console\lpre2e\src\platesegmentation.cpp(18): note: 类型是“unknown-type”
  PlateDetection.cpp
c:\users\lijie\desktop\hyperlpr-e2e-cv340-vs2013-console\lpre2e\src\platedetection.cpp : warning C4819: 该文件包含不能在当前代码页(936)中表示的字符。请将该文件保存为 Unicode 格式以防止数据丢失
c:\users\lijie\desktop\hyperlpr-e2e-cv340-vs2013-console\lpre2e\include\platedetection.h : warning C4819: 该文件包含不能在当前代码页(936)中表示的字符。请将该文件保存为 Unicode 格式以防止数据丢失
d:\my-softwear\opencv3.1.0\opencv\build\include\opencv2\core\mat.hpp(1965): warning C4819: 该文件包含不能在当前代码页(936)中表示的字符。请将该文件保存为 Unicode 格式以防止数据丢失
d:\my-softwear\opencv3.1.0\opencv\build\include\opencv2\core\persistence.hpp : warning C4819: 该文件包含不能在当前代码页(936)中表示的字符。请将该文件保存为 Unicode 格式以防止数据丢失
d:\my-softwear\opencv3.1.0\opencv\build\include\opencv2\core\utility.hpp : warning C4819: 该文件包含不能在当前代码页(936)中表示的字符。请将该文件保存为 Unicode 格式以防止数据丢失
d:\my-softwear\opencv3.1.0\opencv\build\include\opencv2\core\utility.hpp : warning C4819: 该文件包含不能在当前代码页(936)中表示的字符。请将该文件保存为 Unicode 格式以防止数据丢失
c:\users\lijie\desktop\hyperlpr-e2e-cv340-vs2013-console\lpre2e\include\platedetection.h(9): fatal error C1083: 无法打开包括文件: “PlateInfo.h”: No such file or directory
  Pipeline.cpp
c:\users\lijie\desktop\hyperlpr-e2e-cv340-vs2013-console\lpre2e\src\pipeline.cpp : warning C4819: 该文件包含不能在当前代码页(936)中表示的字符。请将该文件保存为 Unicode 格式以防止数据丢失
c:\users\lijie\desktop\hyperlpr-e2e-cv340-vs2013-console\lpre2e\src\pipeline.cpp(5): fatal error C1083: 无法打开包括文件: “Pipeline.h”: No such file or directory
  FineMapping.cpp
c:\users\lijie\desktop\hyperlpr-e2e-cv340-vs2013-console\lpre2e\src\finemapping.cpp : warning C4819: 该文件包含不能在当前代码页(936)中表示的字符。请将该文件保存为 Unicode 格式以防止数据丢失
c:\users\lijie\desktop\hyperlpr-e2e-cv340-vs2013-console\lpre2e\src\finemapping.cpp(5): fatal error C1083: 无法打开包括文件: “FineMapping.h”: No such file or directory
  FastDeskew.cpp
c:\users\lijie\desktop\hyperlpr-e2e-cv340-vs2013-console\lpre2e\src\fastdeskew.cpp : warning C4819: 该文件包含不能在当前代码页(936)中表示的字符。请将该文件保存为 Unicode 格式以防止数据丢失
c:\users\lijie\desktop\hyperlpr-e2e-cv340-vs2013-console\lpre2e\src\fastdeskew.cpp(7): fatal error C1083: 无法打开包括文件: “FastDeskew.h”: No such file or directory
  CNNRecognizer.cpp
c:\users\lijie\desktop\hyperlpr-e2e-cv340-vs2013-console\lpre2e\src\cnnrecognizer.cpp : warning C4819: 该文件包含不能在当前代码页(936)中表示的字符。请将该文件保存为 Unicode 格式以防止数据丢失
c:\users\lijie\desktop\hyperlpr-e2e-cv340-vs2013-console\lpre2e\include\cnnrecognizer.h : warning C4819: 该文件包含不能在当前代码页(936)中表示的字符。请将该文件保存为 Unicode 格式以防止数据丢失
c:\users\lijie\desktop\hyperlpr-e2e-cv340-vs2013-console\lpre2e\include\recognizer.h : warning C4819: 该文件包含不能在当前代码页(936)中表示的字符。请将该文件保存为 Unicode 格式以防止数据丢失
c:\users\lijie\desktop\hyperlpr-e2e-cv340-vs2013-console\lpre2e\include\plateinfo.h : warning C4819: 该文件包含不能在当前代码页(936)中表示的字符。请将该文件保存为 Unicode 格式以防止数据丢失
d:\my-softwear\opencv3.1.0\opencv\build\include\opencv2\core\mat.hpp(1965): warning C4819: 该文件包含不能在当前代码页(936)中表示的字符。请将该文件保存为 Unicode 格式以防止数据丢失
d:\my-softwear\opencv3.1.0\opencv\build\include\opencv2\core\persistence.hpp : warning C4819: 该文件包含不能在当前代码页(936)中表示的字符。请将该文件保存为 Unicode 格式以防止数据丢失
d:\my-softwear\opencv3.1.0\opencv\build\include\opencv2\core\utility.hpp : warning C4819: 该文件包含不能在当前代码页(936)中表示的字符。请将该文件保存为 Unicode 格式以防止数据丢失
d:\my-softwear\opencv3.1.0\opencv\build\include\opencv2\core\utility.hpp : warning C4819: 该文件包含不能在当前代码页(936)中表示的字符。请将该文件保存为 Unicode 格式以防止数据丢失
c:\users\lijie\desktop\hyperlpr-e2e-cv340-vs2013-console\lpre2e\include\recognizer.h(10): fatal error C1083: 无法打开包括文件: “opencv2/dnn.hpp”: No such file or directory
  正在生成代码...
