  CNNRecognizer.cpp
..\src\CNNRecognizer.cpp : warning C4819: 该文件包含不能在当前代码页(936)中表示的字符。请将该文件保存为 Unicode 格式以防止数据丢失
c:\users\lijie\desktop\hyperlpr-e2e-cv340-vs2013-console\lpre2e\src\../include/CNNRecognizer.h : warning C4819: 该文件包含不能在当前代码页(936)中表示的字符。请将该文件保存为 Unicode 格式以防止数据丢失
c:\users\lijie\desktop\hyperlpr-e2e-cv340-vs2013-console\lpre2e\include\Recognizer.h : warning C4819: 该文件包含不能在当前代码页(936)中表示的字符。请将该文件保存为 Unicode 格式以防止数据丢失
c:\users\lijie\desktop\hyperlpr-e2e-cv340-vs2013-console\lpre2e\include\PlateInfo.h : warning C4819: 该文件包含不能在当前代码页(936)中表示的字符。请将该文件保存为 Unicode 格式以防止数据丢失
D:\my-softwear\OpenCV3.1.0\opencv\build\include\opencv2/core/mat.hpp(1965): warning C4819: 该文件包含不能在当前代码页(936)中表示的字符。请将该文件保存为 Unicode 格式以防止数据丢失
D:\my-softwear\OpenCV3.1.0\opencv\build\include\opencv2/core/persistence.hpp : warning C4819: 该文件包含不能在当前代码页(936)中表示的字符。请将该文件保存为 Unicode 格式以防止数据丢失
D:\my-softwear\OpenCV3.1.0\opencv\build\include\opencv2/core/utility.hpp : warning C4819: 该文件包含不能在当前代码页(936)中表示的字符。请将该文件保存为 Unicode 格式以防止数据丢失
D:\my-softwear\OpenCV3.1.0\opencv\build\include\opencv2/core/utility.hpp : warning C4819: 该文件包含不能在当前代码页(936)中表示的字符。请将该文件保存为 Unicode 格式以防止数据丢失
c:\users\lijie\desktop\hyperlpr-e2e-cv340-vs2013-console\lpre2e\include\Recognizer.h(10): fatal error C1083: 无法打开包括文件: “opencv2/dnn.hpp”: No such file or directory
  FastDeskew.cpp
..\src\FastDeskew.cpp : warning C4819: 该文件包含不能在当前代码页(936)中表示的字符。请将该文件保存为 Unicode 格式以防止数据丢失
..\src\FastDeskew.cpp(7): fatal error C1083: 无法打开包括文件: “FastDeskew.h”: No such file or directory
  FineMapping.cpp
..\src\FineMapping.cpp : warning C4819: 该文件包含不能在当前代码页(936)中表示的字符。请将该文件保存为 Unicode 格式以防止数据丢失
..\src\FineMapping.cpp(5): fatal error C1083: 无法打开包括文件: “FineMapping.h”: No such file or directory
  Pipeline.cpp
..\src\Pipeline.cpp : warning C4819: 该文件包含不能在当前代码页(936)中表示的字符。请将该文件保存为 Unicode 格式以防止数据丢失
..\src\Pipeline.cpp(5): fatal error C1083: 无法打开包括文件: “Pipeline.h”: No such file or directory
  PlateDetection.cpp
..\src\PlateDetection.cpp : warning C4819: 该文件包含不能在当前代码页(936)中表示的字符。请将该文件保存为 Unicode 格式以防止数据丢失
c:\users\lijie\desktop\hyperlpr-e2e-cv340-vs2013-console\lpre2e\src\../include/PlateDetection.h : warning C4819: 该文件包含不能在当前代码页(936)中表示的字符。请将该文件保存为 Unicode 格式以防止数据丢失
D:\my-softwear\OpenCV3.1.0\opencv\build\include\opencv2/core/mat.hpp(1965): warning C4819: 该文件包含不能在当前代码页(936)中表示的字符。请将该文件保存为 Unicode 格式以防止数据丢失
D:\my-softwear\OpenCV3.1.0\opencv\build\include\opencv2/core/persistence.hpp : warning C4819: 该文件包含不能在当前代码页(936)中表示的字符。请将该文件保存为 Unicode 格式以防止数据丢失
D:\my-softwear\OpenCV3.1.0\opencv\build\include\opencv2/core/utility.hpp : warning C4819: 该文件包含不能在当前代码页(936)中表示的字符。请将该文件保存为 Unicode 格式以防止数据丢失
D:\my-softwear\OpenCV3.1.0\opencv\build\include\opencv2/core/utility.hpp : warning C4819: 该文件包含不能在当前代码页(936)中表示的字符。请将该文件保存为 Unicode 格式以防止数据丢失
c:\users\lijie\desktop\hyperlpr-e2e-cv340-vs2013-console\lpre2e\src\../include/PlateDetection.h(9): fatal error C1083: 无法打开包括文件: “PlateInfo.h”: No such file or directory
  PlateSegmentation.cpp
..\src\PlateSegmentation.cpp : warning C4819: 该文件包含不能在当前代码页(936)中表示的字符。请将该文件保存为 Unicode 格式以防止数据丢失
c:\users\lijie\desktop\hyperlpr-e2e-cv340-vs2013-console\lpre2e\src\../include/PlateSegmentation.h : warning C4819: 该文件包含不能在当前代码页(936)中表示的字符。请将该文件保存为 Unicode 格式以防止数据丢失
D:\my-softwear\OpenCV3.1.0\opencv\build\include\opencv2/core/mat.hpp(1965): warning C4819: 该文件包含不能在当前代码页(936)中表示的字符。请将该文件保存为 Unicode 格式以防止数据丢失
D:\my-softwear\OpenCV3.1.0\opencv\build\include\opencv2/core/persistence.hpp : warning C4819: 该文件包含不能在当前代码页(936)中表示的字符。请将该文件保存为 Unicode 格式以防止数据丢失
D:\my-softwear\OpenCV3.1.0\opencv\build\include\opencv2/core/utility.hpp : warning C4819: 该文件包含不能在当前代码页(936)中表示的字符。请将该文件保存为 Unicode 格式以防止数据丢失
D:\my-softwear\OpenCV3.1.0\opencv\build\include\opencv2/core/utility.hpp : warning C4819: 该文件包含不能在当前代码页(936)中表示的字符。请将该文件保存为 Unicode 格式以防止数据丢失
c:\users\lijie\desktop\hyperlpr-e2e-cv340-vs2013-console\lpre2e\include\PlateInfo.h : warning C4819: 该文件包含不能在当前代码页(936)中表示的字符。请将该文件保存为 Unicode 格式以防止数据丢失
c:\users\lijie\desktop\hyperlpr-e2e-cv340-vs2013-console\lpre2e\src\../include/PlateSegmentation.h(30): error C3083: “dnn”:“::”左侧的符号必须是一种类型
c:\users\lijie\desktop\hyperlpr-e2e-cv340-vs2013-console\lpre2e\src\../include/PlateSegmentation.h(30): error C2039: “Net”: 不是“cv”的成员
  D:\my-softwear\OpenCV3.1.0\opencv\build\include\opencv2/ml.hpp(71): note: 参见“cv”的声明
c:\users\lijie\desktop\hyperlpr-e2e-cv340-vs2013-console\lpre2e\src\../include/PlateSegmentation.h(30): error C3646: “net”: 未知重写说明符
c:\users\lijie\desktop\hyperlpr-e2e-cv340-vs2013-console\lpre2e\src\../include/PlateSegmentation.h(30): error C4430: 缺少类型说明符 - 假定为 int。注意: C++ 不支持默认 int
c:\users\lijie\desktop\hyperlpr-e2e-cv340-vs2013-console\lpre2e\src\../include/niBlackThreshold.h : warning C4819: 该文件包含不能在当前代码页(936)中表示的字符。请将该文件保存为 Unicode 格式以防止数据丢失
..\src\PlateSegmentation.cpp(13): error C2065: “net”: 未声明的标识符
..\src\PlateSegmentation.cpp(13): error C3083: “dnn”:“::”左侧的符号必须是一种类型
..\src\PlateSegmentation.cpp(13): error C2039: “readNetFromCaffe”: 不是“cv”的成员
  D:\my-softwear\OpenCV3.1.0\opencv\build\include\opencv2/ml.hpp(71): note: 参见“cv”的声明
..\src\PlateSegmentation.cpp(13): error C3861: “readNetFromCaffe”: 找不到标识符
..\src\PlateSegmentation.cpp(16): error C3083: “dnn”:“::”左侧的符号必须是一种类型
..\src\PlateSegmentation.cpp(16): error C2039: “blobFromImage”: 不是“cv”的成员
  D:\my-softwear\OpenCV3.1.0\opencv\build\include\opencv2/ml.hpp(71): note: 参见“cv”的声明
..\src\PlateSegmentation.cpp(16): error C3861: “blobFromImage”: 找不到标识符
..\src\PlateSegmentation.cpp(17): error C2065: “net”: 未声明的标识符
..\src\PlateSegmentation.cpp(17): error C2228: “.setInput”的左边必须有类/结构/联合
  ..\src\PlateSegmentation.cpp(17): note: 类型是“unknown-type”
..\src\PlateSegmentation.cpp(18): error C2065: “net”: 未声明的标识符
..\src\PlateSegmentation.cpp(18): error C2228: “.forward”的左边必须有类/结构/联合
  ..\src\PlateSegmentation.cpp(18): note: 类型是“unknown-type”
  Recognizer.cpp
..\src\Recognizer.cpp : warning C4819: 该文件包含不能在当前代码页(936)中表示的字符。请将该文件保存为 Unicode 格式以防止数据丢失
c:\users\lijie\desktop\hyperlpr-e2e-cv340-vs2013-console\lpre2e\src\../include/Recognizer.h : warning C4819: 该文件包含不能在当前代码页(936)中表示的字符。请将该文件保存为 Unicode 格式以防止数据丢失
c:\users\lijie\desktop\hyperlpr-e2e-cv340-vs2013-console\lpre2e\include\PlateInfo.h : warning C4819: 该文件包含不能在当前代码页(936)中表示的字符。请将该文件保存为 Unicode 格式以防止数据丢失
D:\my-softwear\OpenCV3.1.0\opencv\build\include\opencv2/core/mat.hpp(1965): warning C4819: 该文件包含不能在当前代码页(936)中表示的字符。请将该文件保存为 Unicode 格式以防止数据丢失
D:\my-softwear\OpenCV3.1.0\opencv\build\include\opencv2/core/persistence.hpp : warning C4819: 该文件包含不能在当前代码页(936)中表示的字符。请将该文件保存为 Unicode 格式以防止数据丢失
D:\my-softwear\OpenCV3.1.0\opencv\build\include\opencv2/core/utility.hpp : warning C4819: 该文件包含不能在当前代码页(936)中表示的字符。请将该文件保存为 Unicode 格式以防止数据丢失
D:\my-softwear\OpenCV3.1.0\opencv\build\include\opencv2/core/utility.hpp : warning C4819: 该文件包含不能在当前代码页(936)中表示的字符。请将该文件保存为 Unicode 格式以防止数据丢失
c:\users\lijie\desktop\hyperlpr-e2e-cv340-vs2013-console\lpre2e\src\../include/Recognizer.h(10): fatal error C1083: 无法打开包括文件: “opencv2/dnn.hpp”: No such file or directory
  SegmentationFreeRecognizer.cpp
..\src\SegmentationFreeRecognizer.cpp : warning C4819: 该文件包含不能在当前代码页(936)中表示的字符。请将该文件保存为 Unicode 格式以防止数据丢失
c:\users\lijie\desktop\hyperlpr-e2e-cv340-vs2013-console\lpre2e\src\../include/SegmentationFreeRecognizer.h : warning C4819: 该文件包含不能在当前代码页(936)中表示的字符。请将该文件保存为 Unicode 格式以防止数据丢失
c:\users\lijie\desktop\hyperlpr-e2e-cv340-vs2013-console\lpre2e\include\Recognizer.h : warning C4819: 该文件包含不能在当前代码页(936)中表示的字符。请将该文件保存为 Unicode 格式以防止数据丢失
c:\users\lijie\desktop\hyperlpr-e2e-cv340-vs2013-console\lpre2e\include\PlateInfo.h : warning C4819: 该文件包含不能在当前代码页(936)中表示的字符。请将该文件保存为 Unicode 格式以防止数据丢失
D:\my-softwear\OpenCV3.1.0\opencv\build\include\opencv2/core/mat.hpp(1965): warning C4819: 该文件包含不能在当前代码页(936)中表示的字符。请将该文件保存为 Unicode 格式以防止数据丢失
D:\my-softwear\OpenCV3.1.0\opencv\build\include\opencv2/core/persistence.hpp : warning C4819: 该文件包含不能在当前代码页(936)中表示的字符。请将该文件保存为 Unicode 格式以防止数据丢失
D:\my-softwear\OpenCV3.1.0\opencv\build\include\opencv2/core/utility.hpp : warning C4819: 该文件包含不能在当前代码页(936)中表示的字符。请将该文件保存为 Unicode 格式以防止数据丢失
D:\my-softwear\OpenCV3.1.0\opencv\build\include\opencv2/core/utility.hpp : warning C4819: 该文件包含不能在当前代码页(936)中表示的字符。请将该文件保存为 Unicode 格式以防止数据丢失
c:\users\lijie\desktop\hyperlpr-e2e-cv340-vs2013-console\lpre2e\include\Recognizer.h(10): fatal error C1083: 无法打开包括文件: “opencv2/dnn.hpp”: No such file or directory
  e2e.cpp
e2e.cpp(1): fatal error C1083: 无法打开包括文件: “Pipeline.h”: No such file or directory
